13:30 Gamerseryayt: CipherShade_YT
13:31 Gamerseryayt: CipherShade_YT bhai \
13:31 Gamerseryayt: accept
13:31 Gamerseryayt: ok raat ko sona mat
13:32 Gamerseryayt: sona mat
13:35 Gamerseryayt: CipherShade_YT bhai
13:36 Gamerseryayt: bhai zombie despawn hora
13:40 Gamerseryayt placed suspicious WATER_BUCKET @ world: x1928, z2835
13:45 Gamerseryayt placed suspicious WATER_BUCKET @ world: x1922, z2830
13:46 CipherShade_YT: kya
13:46 Gamerseryayt  : kuch nhi tum fuko
13:46 CipherShade_YT: hmm
14:09 Gamerseryayt  : akela
14:10 Gamerseryayt  : thode claim blocks dedo
14:26 CipherShade_YT: kya karahahey
14:26 TOXIC         : nothing
14:27 TOXIC         : litematic me auto block place kese kare
14:27 CipherShade_YT: pata nahi :0
14:28 CipherShade_YT: yt pey dekh lo
14:28 SURGOT        : pc ka pata hai
14:28 TOXIC         : bata na
14:29 SURGOT        : config menu ma easy play true kar da
14:29 CipherShade_YT: tu kya banarahahey
14:29 TOXIC         : surgot ke liye special
14:29 CipherShade_YT: hehe
14:29 TOXIC         : lan?
14:29 TOXIC         : :)
14:30 CipherShade_YT: yea kese ghar hey
14:30 CipherShade_YT: 0_0
14:30 TOXIC         : jail bana diya ye to :)
14:30 CipherShade_YT: lol
14:30 CipherShade_YT: muje tho yea horse ka stable lagrahahey
14:30 TOXIC         : :))))
14:32 TOXIC         : mera horse park karna ha ho jaya ga kya
14:38 TOXIC         : vc a
14:38 SURGOT        : AA JA
14:39 TOXIC         : vhi hu
15:13 CipherShade_YT: ok dinner karkey aya mey
15:13 SURGOT        : ok
15:13 Gamerseryayt  : -_-
15:13 Gamerseryayt  : SURGOT hey
15:15 Gamerseryayt  : chella tune khride 1 kilo kela
15:16 Gamerseryayt  : bhai chat mai koi bolta nhi hai
15:17 SURGOT        : sub vc ma hai
15:21 Gamerseryayt  : SURGOT
15:24 Gamerseryayt  : SURGOT
15:24 TOXIC         : sari pe got
15:24 TOXIC         : sad*
15:24 Gamerseryayt  : TOXIC
15:25 Gamerseryayt  : 1 carrot dio
15:25 TOXIC         : me base se bhot durh hu
15:25 Gamerseryayt  : trust dede mai leleta
15:25 TOXIC         : me base pe nhi hu kha se du
15:27 Gamerseryayt  : SURGOT
15:27 SURGOT        : OL
15:27 SURGOT        : BOL
15:27 Gamerseryayt  : sun to mere pas aa
15:27 SURGOT        : q
15:28 SURGOT        : kam kar raha hi
15:28 Gamerseryayt  : abe kam hai
15:28 Gamerseryayt  : ek carrot deja or iska trust
15:29 Gamerseryayt  : SURGOT ajja yaar
15:29 Gamerseryayt  : arra ?
15:30 Gamerseryayt  : ajja bhai
15:30 SURGOT        : kya
15:34 Gamerseryayt  : SURGOT trust dede
15:35 Gamerseryayt  : SURGOT
15:35 SURGOT        : kya chaiya
15:35 Gamerseryayt  : SURGOT trust dede
15:35 Gamerseryayt  : SURGOT
15:35 SURGOT        : ems hai
15:35 Gamerseryayt  : hai
15:35 Gamerseryayt  : teke bhai ems ke badle trust dega
15:35 Gamerseryayt  : bass yahi bacca tha
15:36 Gamerseryayt  : dapnade muze
15:36 Gamerseryayt  : SURGOT dena
15:36 SURGOT        : la ems ma book buy kar ka deta hu
15:37 Gamerseryayt  : bhai bhrosa nhi hai kya
15:37 SURGOT        : da diya
15:37 Gamerseryayt  : thnx
15:37 Gamerseryayt  : yeh rail farm hai na ismai
15:38 SURGOT        : 5 min ma aya
15:38 TOXIC         : @surgor
15:38 Gamerseryayt  : TOXIC
15:38 TOXIC         : lava buket la ek
15:38 TOXIC         : SURGOT
15:38 Gamerseryayt  : ruk mai laya wo afk hai
15:38 Gamerseryayt  : tp le
15:39 Gamerseryayt  : bhai tuze bhi barosa nhi hai kya\
15:39 TOXIC         : kya
15:39 Gamerseryayt  : ek gazar deja
15:39 TOXIC         : trust de diya
15:59 Gamerseryayt  :  placed a sign @ world: x1910, z2876
  free tree farm 
  put sapling back
16:01 Gamerseryayt  : tp lena CipherShade_YT bhai
16:01 Gamerseryayt  : upar bala base dekana
16:02 Gamerseryayt  : tp lena CipherShade_YT
16:02 CipherShade_YT: kyuu
16:02 Gamerseryayt  : dekunga
16:02 CipherShade_YT: kyaa
16:03 Gamerseryayt  : base
16:03 Gamerseryayt  : again
16:03 Gamerseryayt  : bhai mai sugot ke ki bolla tha
16:03 Gamerseryayt  : entry kha hai
16:04 CipherShade_YT: mey uske base mey nahi tha
16:04 Gamerseryayt  : -_-
16:04 Gamerseryayt  : nice
16:04 Gamerseryayt  : kha se mila schematic
16:05 Gamerseryayt  : btao na
16:05 Gamerseryayt  : CipherShade_YT bhai
16:05 CipherShade_YT: schmeatic nai
16:05 Gamerseryayt  : to banaya
16:05 CipherShade_YT: video deke banarahahu
16:05 Gamerseryayt  : khud degin kia
16:05 Gamerseryayt  : oo nice
16:12 SURGOT placed suspicious WATER_BUCKET @ world: x626, z-4689
16:15 Gamerseryayt  : CipherShade_YT ismai outpost hogi ?
17:06 CipherShade_YT: trust dey trading hall ka
17:07 CipherShade_YT: kidhar hai
17:26 CipherShade_YT: keloge ya server off kardu ??
