16:20 SURGOT placed suspicious WATER_BUCKET @ world: x1972, z3184
16:20 SURGOT placed suspicious WATER_BUCKET @ world: x1972, z3184
16:20 SURGOT placed suspicious WATER_BUCKET @ world: x1974, z3183
16:20 SURGOT placed suspicious WATER_BUCKET @ world: x1975, z3181
16:23 SURGOT placed suspicious WATER_BUCKET @ world: x1994, z3182
16:29 TOXIC     : ab kya tati ha ye
16:29 TOXIC     : 50lvl ka ha vo
16:32 SURGOT placed suspicious WATER_BUCKET @ world: x1984, z3180
16:32 SURGOT placed suspicious WATER_BUCKET @ world: x1984, z3181
16:33 SURGOT placed suspicious WATER_BUCKET @ world: x1966, z3184
16:40 SURGOT placed suspicious WATER_BUCKET @ world: x1895, z752
16:41 SURGOT placed suspicious WATER_BUCKET @ world: x1895, z752
16:42 SURGOT placed suspicious WATER_BUCKET @ world: x3545, z-4903
16:43 SURGOT    : soo ja chela
16:45 SURGOT    : nether ma keep inv on ya off hai
16:45 TOXIC     : lund ha mera
16:45 SURGOT    : :)
16:46 TOXIC     : 50lvl ka sab ha koi nhi jinda raha sakta
16:46 TOXIC placed suspicious WATER_BUCKET @ world: x2012, z2984
16:46 SURGOT    : :0\
16:55 SURGOT placed suspicious WATER_BUCKET @ world: x1972, z3181
16:55 SURGOT placed suspicious WATER_BUCKET @ world: x1972, z3180
16:59 SURGOT placed suspicious WATER_BUCKET @ world: x2003, z3180
17:01 SURGOT placed suspicious WATER_BUCKET @ world: x1984, z3187
17:01 SURGOT placed suspicious WATER_BUCKET @ world: x1985, z3187
17:01 SURGOT placed suspicious WATER_BUCKET @ world: x1983, z3187
17:02 SURGOT placed suspicious WATER_BUCKET @ world: x1984, z3188
17:03 SURGOT placed suspicious WATER_BUCKET @ world: x1985, z3185
17:06 SURGOT placed suspicious WATER_BUCKET @ world: x1977, z3185
17:06 SURGOT placed suspicious WATER_BUCKET @ world: x1977, z3184
17:06 SURGOT placed suspicious WATER_BUCKET @ world: x1977, z3185
17:08 SURGOT placed suspicious WATER_BUCKET @ world: x1979, z3185
17:08 SURGOT placed suspicious WATER_BUCKET @ world: x1979, z3184
17:10 SURGOT placed suspicious WATER_BUCKET @ world: x1991, z3175
17:10 SURGOT placed suspicious WATER_BUCKET @ world: x1991, z3177
17:11 SURGOT placed suspicious WATER_BUCKET @ world: x1974, z3185
17:12 SURGOT placed suspicious WATER_BUCKET @ world: x1984, z3170
17:14 SURGOT placed suspicious WATER_BUCKET @ world: x1972, z3204
17:27 SURGOT placed suspicious WATER_BUCKET @ world: x2017, z2831
17:39 SURGOT    : chela coal hai
17:39 TOXIC     : nhi
17:51 TOXIC     : golden showel de graeeb
17:52 SURGOT    : DIYA THA NA TERA KO GRAEE
17:52 TOXIC     : nhi ha
17:53 TOXIC     : de na
18:07 SURGOT placed suspicious WATER_BUCKET @ world: x1987, z2841
18:14 SURGOT    : 10 min ma aya
18:44 SURGOT    : chela bgmi
18:44 SURGOT    : aya ga
18:44 TOXIC     : ye band ho jaya ga kya fir
18:45 SURGOT    : nahi ho wo so gya
18:45 TOXIC     : koi banda nhi hoga jab bhi chalega
18:46 TOXIC     : aja fir
18:46 SURGOT    : aa j
18:47 SURGOT    : bgmi na
19:37 SURGOT placed suspicious WATER_BUCKET @ world: x1992, z3175
19:37 SURGOT placed suspicious WATER_BUCKET @ world: x1981, z3175
19:37 SURGOT placed suspicious WATER_BUCKET @ world: x1986, z3174
19:38 SURGOT placed suspicious WATER_BUCKET @ world: x1975, z3175
19:39 SURGOT placed suspicious WATER_BUCKET @ world: x1990, z3175
19:39 SURGOT placed suspicious WATER_BUCKET @ world: x1989, z3177
19:43 SURGOT placed suspicious WATER_BUCKET @ world: x1970, z3181
19:43 SURGOT placed suspicious WATER_BUCKET @ world: x1972, z3181
