16:26 SURGOT    : chela kya kar raha hai
16:32 SURGOT placed suspicious WATER_BUCKET @ world: x1998, z3181
16:32 SURGOT placed suspicious WATER_BUCKET @ world: x1996, z3181
16:34 SURGOT placed suspicious WATER_BUCKET @ world: x1993, z3185
16:34 SURGOT placed suspicious WATER_BUCKET @ world: x1976, z3185
16:35 SURGOT placed suspicious WATER_BUCKET @ world: x1985, z3187
16:38 TOXIC     : 15min me aya
16:38 SURGOT    : ok
16:41 SURGOT placed suspicious WATER_BUCKET @ world: x1983, z3189
16:41 SURGOT placed suspicious WATER_BUCKET @ world: x1982, z3189
16:41 SURGOT placed suspicious WATER_BUCKET @ world: x1982, z3187
16:41 SURGOT placed suspicious WATER_BUCKET @ world: x1982, z3188
16:41 SURGOT placed suspicious WATER_BUCKET @ world: x1986, z3188
16:41 SURGOT placed suspicious WATER_BUCKET @ world: x1986, z3189
16:41 SURGOT placed suspicious WATER_BUCKET @ world: x1986, z3187
16:42 SURGOT placed suspicious WATER_BUCKET @ world: x1970, z3191
16:48 SURGOT placed suspicious WATER_BUCKET @ world: x1981, z3187
16:49 SURGOT placed suspicious WATER_BUCKET @ world: x1996, z3181
16:50 SURGOT placed suspicious WATER_BUCKET @ world: x1998, z3180
16:51 SURGOT placed suspicious WATER_BUCKET @ world: x1972, z3181
16:51 SURGOT placed suspicious WATER_BUCKET @ world: x1984, z3196
16:55 SURGOT placed suspicious WATER_BUCKET @ world: x2022, z2831
16:59 TOXIC     : lhome
17:01 SURGOT placed suspicious WATER_BUCKET @ world: x1984, z3193
17:03 SURGOT placed suspicious WATER_BUCKET @ world: x1984, z3198
17:21 SURGOT    : KEEP INV ON HAI YA OFF
17:21 TOXIC     : off ha
17:22 SURGOT    : tu to baar mar raha hai
17:22 TOXIC     : netherite bana ki taiyari kar reha
17:22 SURGOT    : mast
17:24 SURGOT    : sara saman gya
17:24 TOXIC     : saman hona bhi chaiye
17:24 SURGOT    : :)
17:34 SURGOT placed suspicious WATER_BUCKET @ world: x2014, z2832
17:35 SURGOT    : ems hai
17:36 TOXIC     : no
17:39 SURGOT placed suspicious WATER_BUCKET @ world: x1973, z3190
17:43 SURGOT placed suspicious WATER_BUCKET @ world: x2000, z3187
18:07 TOXIC     : rtp
18:20 SURGOT placed suspicious WATER_BUCKET @ world: x2013, z2830
18:25 SURGOT    : bgmi aya ga
18:25 TOXIC     : kyu
18:25 SURGOT    : botal yt call kiya hai
18:26 TOXIC     : fir ye off ho jaya ga
18:27 SURGOT    : ma rahu ga game ma
18:29 TOXIC     : ana ha kya bgmi?
18:30 SURGOT    : aya ga
18:30 SURGOT placed suspicious WATER_BUCKET @ world: x20, z1561
18:30 SURGOT placed suspicious WATER_BUCKET @ world: x20, z1561
18:30 TOXIC     : Tu bata tujhe khelna ha
18:30 SURGOT placed suspicious WATER_BUCKET @ world: x21, z1560
18:30 SURGOT placed suspicious WATER_BUCKET @ world: x21, z1560
18:30 SURGOT placed suspicious WATER_BUCKET @ world: x21, z1560
18:30 SURGOT    : aa ja thora sa khel leta hai
18:30 TOXIC     : yhik
18:30 TOXIC     : thik
18:30 SURGOT    : aa ja
