14:01 MorrisGaming placed suspicious WATER_BUCKET @ world: x1912, z3109
14:01 MorrisGaming placed suspicious WATER_BUCKET @ world: x1908, z3113
14:01 MorrisGaming placed suspicious WATER_BUCKET @ world: x1905, z3115
14:14 Gamerseryayt: rom rom bhaiyo
14:15 MorrisGaming: hii
14:17 Gamerseryayt: g
14:20 Gamerseryayt: gg
14:29 Gamerseryayt: helo
14:29 MorrisGaming: hi
14:31 Gamerseryayt: helo chappal bhai
14:32 Gamerseryayt: hello
14:33 MorrisGaming: hooloooo
14:33 Gamerseryayt: idk
14:40 Gamerseryayt: SURGOT tune trust hta dia ;(
14:41 Gamerseryayt: teke bhai
15:11 NotSaga_    : ahm
15:12 NotSaga_    : saman de
15:12 Gamerseryayt placed suspicious WATER_BUCKET @ world: x4066, z5070
15:13 NotSaga_    : 11 th ma hu saalo
15:13 NotSaga_    : jada chota nhi hu
15:13 NotSaga_    : tumahri
15:13 Gamerseryayt placed suspicious WATER_BUCKET @ world: x3977, z5038
15:13 NotSaga_    : CipherShade_YT permisson e
15:14 NotSaga_    : permisson
15:14 NotSaga_    : nhi dega ?
15:14 CipherShade_YT: no
15:14 NotSaga_      : ja bhai dost nhi
15:14 CipherShade_YT: hmmm
15:14 CipherShade_YT: ghar ka trust kisiney kiskoo nahi diyaa
15:15 CipherShade_YT: soo no trust of house
15:15 NotSaga_      : are ma to owner hu i gusse :)
15:15 CipherShade_YT: farm ka trust milega
15:15 NotSaga_      : CipherShade_YT custom map h wala world h
15:16 NotSaga_      : name ke sath pvp bhi bhot achi hui h
15:18 NotSaga_      : CipherShade_YT food dio
15:19 Gamerseryayt placed suspicious WATER_BUCKET @ world: x602, z2360
15:19 MorrisGaming placed suspicious WATER_BUCKET @ world: x2299, z3112
15:20 Gamerseryayt placed suspicious WATER_BUCKET @ world: x1938, z2541
15:20 NotSaga_      : bruhh
15:21 NotSaga_      : food 2 and heald
15:21 NotSaga_      : health
15:21 NotSaga_      : custom map h na
15:21 Gamerseryayt  : ha
15:22 Gamerseryayt placed suspicious WATER_BUCKET @ world: x374, z1367
15:24 NotSaga_      : yha koi animal nhi h kia
15:26 SURGOT placed suspicious WATER_BUCKET @ world: x-3238, z1748
15:28 NotSaga_      : ma ja rha diamonds lena
15:29 NotSaga_      : ye kon kha rha diamond lena ke le ma x ray use krunga ??
15:30 NotSaga_      : last time end war ma hi jeeta tha :)
15:31 NotSaga_      : abe aja jise 1v1 aana h
15:32 Gamerseryayt placed suspicious WATER_BUCKET @ world: x1682, z3988
15:32 SURGOT placed suspicious WATER_BUCKET @ world: x1988, z3171
15:33 NotSaga_      : warden aagya
15:33 NotSaga_      : nice rtp h
15:34 MorrisGaming placed suspicious WATER_BUCKET @ world: x1888, z3124
15:34 MorrisGaming placed suspicious WATER_BUCKET @ world: x1891, z3137
15:34 MorrisGaming placed suspicious WATER_BUCKET @ world: x1891, z3135
15:37 Gamerseryayt placed suspicious WATER_BUCKET @ world: x1978, z3127
15:37 Gamerseryayt placed suspicious WATER_BUCKET @ world: x1978, z3128
15:37 Gamerseryayt placed suspicious WATER_BUCKET @ world: x1968, z3133
15:37 Gamerseryayt placed suspicious WATER_BUCKET @ world: x1962, z3126
15:37 Gamerseryayt placed suspicious WATER_BUCKET @ world: x1964, z3127
15:44 Gamerseryayt placed suspicious WATER_BUCKET @ world: x1957, z3093
15:46 NotSaga_ placed suspicious WATER_BUCKET @ world: x-2560, z3868
15:54 NotSaga_      : clipher
15:54 CipherShade_YT: kya
15:54 NotSaga_      : terepe enchating table h na ?
15:55 NotSaga_      : i am not in gc
15:55 NotSaga_      : vc
15:55 CipherShade_YT: ok
15:55 CipherShade_YT: nahi
15:55 CipherShade_YT: hai
15:56 NotSaga_      : hm
16:00 CipherShade_YT: NotSaga_ server bandh karahahu
16:00 NotSaga_      : hm
16:00 CipherShade_YT: yea github pey hosted hai isliye
16:00 NotSaga_      : are mujhe khelna tha
16:00 CipherShade_YT: yea hourly base pey chaltha hai
16:00 NotSaga_      : kal kab chaleyga
16:00 CipherShade_YT: limit reach hogaya tho koi nahi kelpayegaa
16:01 CipherShade_YT: 7 -12 shayad
16:01 NotSaga_      : sham ke aur din ke
16:01 CipherShade_YT: sham
16:01 NotSaga_      : ok ok kerle bnd
