16:42 TOXIC placed suspicious WATER_BUCKET @ world: x2028, z2157
16:42 TOXIC placed suspicious WATER_BUCKET @ world: x2028, z2157
16:45 TOXIC placed suspicious LAVA_BUCKET @ world: x2029, z2158
16:47 CipherShade_YT: koi nahi hai
16:47 CipherShade_YT: ??
16:47 TOXIC         : kya
16:47 CipherShade_YT: surgot kidhar hai
16:47 TOXIC         : pata nhi
16:49 TOXIC placed suspicious WATER_BUCKET @ world: x2029, z2154
16:49 TOXIC placed suspicious WATER_BUCKET @ world: x2029, z2154
16:49 TOXIC placed suspicious WATER_BUCKET @ world: x2029, z2154
16:49 TOXIC placed suspicious WATER_BUCKET @ world: x2029, z2154
16:49 TOXIC placed suspicious WATER_BUCKET @ world: x2031, z2154
16:49 TOXIC placed suspicious WATER_BUCKET @ world: x2033, z2154
16:49 TOXIC placed suspicious WATER_BUCKET @ world: x2033, z2154
16:49 TOXIC placed suspicious WATER_BUCKET @ world: x2033, z2154
16:49 TOXIC placed suspicious WATER_BUCKET @ world: x2033, z2154
16:49 TOXIC placed suspicious WATER_BUCKET @ world: x2032, z2154
16:52 TOXIC placed suspicious WATER_BUCKET @ world: x2028, z2161
16:55 TOXIC         : farm done
16:58 CipherShade_YT: nicee
16:59 CipherShade_YT: ehhh
16:59 TOXIC         : kya
16:59 CipherShade_YT: farm ?
16:59 TOXIC         : raid lene jau ga abhi
16:59 CipherShade_YT: ok
17:00 CipherShade_YT: 3 stack emarlad done :)
17:00 TOXIC         : mera pe to farm ha ems ka :)
17:00 CipherShade_YT: 3 max toolssmit
17:01 TOXIC         : sale ne mera trust hata diya
17:01 CipherShade_YT: hehe
17:02 CipherShade_YT: dediya
17:03 TOXIC         : sharpness 5nhi ha?
17:03 CipherShade_YT: nahi
17:03 CipherShade_YT: ruk jaa jake lecturn leke aya
17:04 CipherShade_YT: prot 4 :)
17:05 TOXIC         : :)
17:08 CipherShade_YT: unbreaking 3
17:08 CipherShade_YT: :)
17:09 TOXIC         : milegaya
17:09 CipherShade_YT: kya
17:09 TOXIC         : badmome i
17:10 CipherShade_YT: hmm
17:10 TOXIC placed suspicious WATER_BUCKET @ world: x2009, z2908
17:11 CipherShade_YT: yea kya chedi lal bangaya
17:11 TOXIC         : bhot mara mujhe :(
17:12 TOXIC         : latest version se aya
17:12 TOXIC placed suspicious WATER_BUCKET @ world: x1994, z2916
17:12 CipherShade_YT: ka
17:12 CipherShade_YT: achha ok
17:17 CipherShade_YT: lol
17:17 CipherShade_YT: thu ney pani on hi chod diya tha
17:17 CipherShade_YT: spawn nahi huve
17:17 CipherShade_YT: band hogaya raid
17:17 TOXIC         : ab isko bar bar band karu fir
17:18 CipherShade_YT: clock banadey
17:20 TOXIC         : ha ab thik ha
17:20 CipherShade_YT: haa
17:21 CipherShade_YT: hai bad omen ??
17:21 TOXIC         : nhi
17:21 TOXIC         : lana parega
17:21 TOXIC placed suspicious WATER_BUCKET @ world: x-2313, z4374
17:22 SURGOT        : BHOOT KA THRA TP Q KARTA HAI
17:22 CipherShade_YT: dekhne keliyee
17:23 CipherShade_YT: yea vo ajjubhai ka ghar hai na ??
17:23 SURGOT        : NA
17:26 TOXIC placed suspicious WATER_BUCKET @ world: x-2287, z4358
17:35 CipherShade_YT: raid start nahi huva
17:36 CipherShade_YT: clock banadena
17:36 CipherShade_YT: haa
17:38 CipherShade_YT: hogaya
17:44 CipherShade_YT: /tell TOXIC mene diya 
17:44 CipherShade_YT: 3 villager chaiye lagtha hai
17:49 CipherShade_YT: isko band kyu kiya
17:49 CipherShade_YT: ruk ja
17:50 CipherShade_YT: last round pey vo karthey hai
17:50 CipherShade_YT: yea kya raid farm hai :)
17:50 CipherShade_YT: yea dega emeralds
17:50 CipherShade_YT: lol
17:51 CipherShade_YT: kya
17:51 CipherShade_YT: naa
17:51 CipherShade_YT: no wood
17:51 CipherShade_YT: sab chest mey hai jake dekh ley
17:52 CipherShade_YT: stuck >
17:52 CipherShade_YT: effect kidhar dikatha tha ??
17:53 CipherShade_YT: abe pele haste ka diktha na
17:53 SURGOT placed suspicious WATER_BUCKET @ world: x4278, z-4535
17:53 CipherShade_YT: abhi kidhar dikatha hai ??
17:54 CipherShade_YT: yea kya tatti tha ??
17:54 CipherShade_YT: ??
17:54 CipherShade_YT: link bej
17:54 SURGOT placed suspicious WATER_BUCKET @ world: x923, z3441
17:54 SURGOT placed suspicious WATER_BUCKET @ world: x923, z3441
17:54 CipherShade_YT: shulker chaft ka nahi aya kya ??
17:54 SURGOT placed suspicious WATER_BUCKET @ world: x923, z3441
17:54 SURGOT placed suspicious WATER_BUCKET @ world: x923, z3441
17:55 SURGOT placed suspicious WATER_BUCKET @ world: x923, z3441
17:55 SURGOT placed suspicious WATER_BUCKET @ world: x923, z3441
17:57 CipherShade_YT: ghar pey nahi huu
18:01 CipherShade_YT: yea kya taati hai
18:01 CipherShade_YT: abhi dekhthey hai last bar
18:04 CipherShade_YT: tatti farm hai
18:04 CipherShade_YT: clear karduu ?
18:07 CipherShade_YT: kya chutiyaa hai ya
18:07 CipherShade_YT: binna bottle kam nahi karthaa
18:07 CipherShade_YT: bottle yt ko bulake aww
18:08 CipherShade_YT: vo hi pe pe ke karsaktha hey
18:08 CipherShade_YT: ruk ja kuch math kar
18:11 CipherShade_YT: ok byee mey sone jarhahey
18:11 SURGOT        : ok
18:11 TOXIC placed suspicious WATER_BUCKET @ world: x2012, z2913
18:12 CipherShade_YT: unlimited farm hi nahi bantha hai broo
18:13 CipherShade_YT: chodey
18:47 SURGOT placed suspicious WATER_BUCKET @ world: x1992, z3184
