14:09 CipherShade_YT: mey jarahahuu
14:09 CipherShade_YT: muje sadhii mey jana hai
14:29 SURGOT placed suspicious WATER_BUCKET @ world: x1997, z2940
14:29 SURGOT placed suspicious WATER_BUCKET @ world: x1996, z2940
14:37 MorrisGaming placed suspicious WATER_BUCKET @ world: x1924, z3129
14:37 MorrisGaming placed suspicious WATER_BUCKET @ world: x1921, z3126
14:37 MorrisGaming placed suspicious WATER_BUCKET @ world: x1916, z3126
14:37 MorrisGaming placed suspicious WATER_BUCKET @ world: x1914, z3124
14:37 MorrisGaming placed suspicious WATER_BUCKET @ world: x1906, z3125
14:37 SURGOT placed suspicious WATER_BUCKET @ world: x1912, z3132
14:37 SURGOT placed suspicious WATER_BUCKET @ world: x1911, z3132
14:37 SURGOT placed suspicious WATER_BUCKET @ world: x1912, z3130
14:37 MorrisGaming placed suspicious WATER_BUCKET @ world: x1900, z3132
14:37 MorrisGaming placed suspicious WATER_BUCKET @ world: x1888, z3126
14:37 SURGOT placed suspicious WATER_BUCKET @ world: x1902, z3127
14:37 MorrisGaming placed suspicious WATER_BUCKET @ world: x1885, z3124
14:37 MorrisGaming placed suspicious WATER_BUCKET @ world: x1881, z3123
14:37 SURGOT placed suspicious WATER_BUCKET @ world: x1885, z3117
14:37 SURGOT placed suspicious WATER_BUCKET @ world: x1878, z3119
14:38 SURGOT placed suspicious WATER_BUCKET @ world: x1909, z3142
14:38 SURGOT placed suspicious WATER_BUCKET @ world: x1911, z3139
16:21 SURGOT placed suspicious WATER_BUCKET @ world: x1993, z2998
16:22 SURGOT placed suspicious WATER_BUCKET @ world: x2007, z3053
16:34 SURGOT        : chela ya bgmi bula raha hai
16:36 SURGOT        : chela trust da villagers ka la jana hai
16:43 CipherShade_YT: kya karahahey hoo ??
16:44 SURGOT        : villagers la kar jana hai ya offline hai
16:44 SURGOT        : yha aa
16:44 SURGOT        : villages la kar jana hai yha aa shade
16:44 CipherShade_YT: kidhar
16:45 CipherShade_YT: pagal hai ??
16:45 SURGOT        : trust nahi tha
16:45 CipherShade_YT: ithna kyu gumaraha hey
16:46 SURGOT        : trust nahi hai chela ka
16:46 CipherShade_YT: hai tho sab
16:46 CipherShade_YT: idhar
16:46 SURGOT        : nahi hai toxic ka villages farm ka
16:46 CipherShade_YT: extending ??
16:46 CipherShade_YT: abe kuch bol ley
16:46 SURGOT        : stone
16:47 CipherShade_YT: mardu iskoo ??
16:47 SURGOT        : nahi
16:47 SURGOT        : ya kya kar raha hai
16:48 CipherShade_YT: bahart aa
16:48 SURGOT placed suspicious WATER_BUCKET @ world: x2036, z2844
16:48 SURGOT placed suspicious WATER_BUCKET @ world: x2036, z2844
16:48 CipherShade_YT: abbe bahar aa
16:49 SURGOT        : STONE DA
16:50 SURGOT        : KYA KAR RAHA HAI REHNA DA
16:51 SURGOT        : VILLAGER LA KAR AA
16:54 CipherShade_YT: beju ??
16:54 CipherShade_YT: night hone ke bad lega vo
16:54 SURGOT        : ok
16:54 SURGOT        : ekj
16:54 SURGOT        : bejh
16:55 CipherShade_YT: pani mey kon lelke gaya tha
16:55 SURGOT        : BEJH
16:55 CipherShade_YT: trapdoor ?/
16:56 SURGOT        : HA
16:56 CipherShade_YT: nahi hai wood
16:56 SURGOT        : NA
16:56 SURGOT        : HO GYA
16:58 SURGOT        : ONLY 3 BASS
17:01 CipherShade_YT: idhar pani mey kon leke gaya
17:01 CipherShade_YT: villager koo ?
17:01 CipherShade_YT: yea track kidhar jarahahey ??
17:01 CipherShade_YT: ryea wala
17:02 CipherShade_YT: idahr aww
17:02 CipherShade_YT: yeaa
17:02 CipherShade_YT: idhar kya hai ??
17:03 CipherShade_YT: secret base ??
17:03 TOXIC         : chela
17:03 SURGOT        : online aa gya chela
17:03 CipherShade_YT: kuch nahi hai ?/
